<?xml version="1.0" encoding="UTF-8"?>
<!-- Generated by org.testng.reporters.JUnitXMLReporter -->
<testsuite hostname="IT3784-Priyanka" name="Validating title" tests="1" failures="1" timestamp="7 Aug 2020 11:22:24 GMT" time="19.708" errors="0">
  <testcase name="homepageNavigation" time="0.08" classname="Academy.E2EProject.asserition">
    <failure type="junit.framework.ComparisonFailure" message="expected:&amp;lt;... ...&amp;gt; but was:&amp;lt;......&amp;gt;">
      <![CDATA[junit.framework.ComparisonFailure: expected:<... ...> but was:<......>
	at junit.framework.Assert.assertEquals(Assert.java:81)
	at junit.framework.Assert.assertEquals(Assert.java:87)
	at Academy.E2EProject.asserition.homepageNavigation(asserition.java:42)
	at java.util.concurrent.FutureTask.run(Unknown Source)
	at java.util.concurrent.ThreadPoolExecutor.runWorker(Unknown Source)
	at java.util.concurrent.ThreadPoolExecutor$Worker.run(Unknown Source)
	at java.lang.Thread.run(Unknown Source)
... Removed 16 stack frames]]>
    </failure>
  </testcase> <!-- homepageNavigation -->
</testsuite> <!-- Validating title -->
