<?xml version="1.0" encoding="UTF-8"?>
<testng-results skipped="0" failed="1" total="3" passed="2">
  <reporter-output>
  </reporter-output>
  <suite name="Suite" duration-ms="24656" started-at="2020-08-07T11:22:04Z" finished-at="2020-08-07T11:22:29Z">
    <groups>
    </groups>
    <test name="Test" duration-ms="15" started-at="2020-08-07T11:22:04Z" finished-at="2020-08-07T11:22:04Z">
    </test> <!-- Test -->
    <test name="Validating title" duration-ms="19708" started-at="2020-08-07T11:22:04Z" finished-at="2020-08-07T11:22:24Z">
      <class name="Academy.E2EProject.asserition">
        <test-method status="PASS" signature="intialisedrive()[pri:0, instance:Academy.E2EProject.asserition@9cb8225]" name="intialisedrive" is-config="true" duration-ms="15411" started-at="2020-08-07T16:52:04Z" finished-at="2020-08-07T16:52:19Z">
          <reporter-output>
          </reporter-output>
        </test-method> <!-- intialisedrive -->
        <test-method status="FAIL" signature="homepageNavigation()[pri:0, instance:Academy.E2EProject.asserition@9cb8225]" name="homepageNavigation" duration-ms="80" started-at="2020-08-07T16:52:19Z" finished-at="2020-08-07T16:52:20Z">
          <exception class="junit.framework.ComparisonFailure">
            <message>
              <![CDATA[expected:<... ...> but was:<......>]]>
            </message>
            <full-stacktrace>
              <![CDATA[junit.framework.ComparisonFailure: expected:<... ...> but was:<......>
	at junit.framework.Assert.assertEquals(Assert.java:81)
	at junit.framework.Assert.assertEquals(Assert.java:87)
	at Academy.E2EProject.asserition.homepageNavigation(asserition.java:42)
	at sun.reflect.NativeMethodAccessorImpl.invoke0(Native Method)
	at sun.reflect.NativeMethodAccessorImpl.invoke(Unknown Source)
	at sun.reflect.DelegatingMethodAccessorImpl.invoke(Unknown Source)
	at java.lang.reflect.Method.invoke(Unknown Source)
	at org.testng.internal.MethodInvocationHelper.invokeMethod(MethodInvocationHelper.java:80)
	at org.testng.internal.Invoker.invokeMethod(Invoker.java:714)
	at org.testng.internal.Invoker.invokeTestMethod(Invoker.java:901)
	at org.testng.internal.Invoker.invokeTestMethods(Invoker.java:1231)
	at org.testng.internal.TestMethodWorker.invokeTestMethods(TestMethodWorker.java:127)
	at org.testng.internal.TestMethodWorker.run(TestMethodWorker.java:111)
	at org.testng.TestRunner.privateRun(TestRunner.java:767)
	at org.testng.TestRunner.run(TestRunner.java:617)
	at org.testng.SuiteRunner.runTest(SuiteRunner.java:334)
	at org.testng.SuiteRunner.access$000(SuiteRunner.java:37)
	at org.testng.SuiteRunner$SuiteWorker.run(SuiteRunner.java:368)
	at org.testng.internal.thread.ThreadUtil$2.call(ThreadUtil.java:64)
	at java.util.concurrent.FutureTask.run(Unknown Source)
	at java.util.concurrent.ThreadPoolExecutor.runWorker(Unknown Source)
	at java.util.concurrent.ThreadPoolExecutor$Worker.run(Unknown Source)
	at java.lang.Thread.run(Unknown Source)
]]>
            </full-stacktrace>
          </exception> <!-- junit.framework.ComparisonFailure -->
          <reporter-output>
          </reporter-output>
        </test-method> <!-- homepageNavigation -->
        <test-method status="PASS" signature="teardown()[pri:0, instance:Academy.E2EProject.asserition@9cb8225]" name="teardown" is-config="true" duration-ms="2317" started-at="2020-08-07T16:52:21Z" finished-at="2020-08-07T16:52:24Z">
          <reporter-output>
          </reporter-output>
        </test-method> <!-- teardown -->
      </class> <!-- Academy.E2EProject.asserition -->
    </test> <!-- Validating title -->
    <test name="Vlidate user login" duration-ms="24656" started-at="2020-08-07T11:22:04Z" finished-at="2020-08-07T11:22:29Z">
      <class name="Academy.E2EProject.HomePage">
        <test-method status="PASS" signature="intialisedrive()[pri:0, instance:Academy.E2EProject.HomePage@64b0598]" name="intialisedrive" is-config="true" duration-ms="4416" started-at="2020-08-07T16:52:04Z" finished-at="2020-08-07T16:52:08Z">
          <reporter-output>
          </reporter-output>
        </test-method> <!-- intialisedrive -->
        <test-method status="PASS" signature="homepageNavigation(java.lang.String, java.lang.String)[pri:0, instance:Academy.E2EProject.HomePage@64b0598]" name="homepageNavigation" duration-ms="16735" started-at="2020-08-07T16:52:08Z" data-provider="getdata" finished-at="2020-08-07T16:52:25Z">
          <params>
            <param index="0">
              <value>
                <![CDATA[restrictuser@gmail.com]]>
              </value>
            </param>
            <param index="1">
              <value>
                <![CDATA[pwd123]]>
              </value>
            </param>
          </params>
          <reporter-output>
          </reporter-output>
        </test-method> <!-- homepageNavigation -->
        <test-method status="PASS" signature="homepageNavigation(java.lang.String, java.lang.String)[pri:0, instance:Academy.E2EProject.HomePage@64b0598]" name="homepageNavigation" duration-ms="3383" started-at="2020-08-07T16:52:25Z" data-provider="getdata" finished-at="2020-08-07T16:52:29Z">
          <params>
            <param index="0">
              <value>
                <![CDATA[nonrestrictuser@gmail.com]]>
              </value>
            </param>
            <param index="1">
              <value>
                <![CDATA[pwd1234]]>
              </value>
            </param>
          </params>
          <reporter-output>
          </reporter-output>
        </test-method> <!-- homepageNavigation -->
        <test-method status="PASS" signature="teardown()[pri:0, instance:Academy.E2EProject.HomePage@64b0598]" name="teardown" is-config="true" duration-ms="98" started-at="2020-08-07T16:52:29Z" finished-at="2020-08-07T16:52:29Z">
          <reporter-output>
          </reporter-output>
        </test-method> <!-- teardown -->
      </class> <!-- Academy.E2EProject.HomePage -->
    </test> <!-- Vlidate user login -->
  </suite> <!-- Suite -->
</testng-results>
